<?xml version="1.0" encoding="UTF-8"?>
<testsuite name="methods.TestCaseFailedTest" tests="1" skipped="0" failures="0" errors="0" timestamp="2018-11-26T18:05:45" hostname="Ahmeds-MacBook-Pro.local" time="0.001">
  <properties/>
  <testcase name="testCaseFail" classname="methods.TestCaseFailedTest" time="0.001"/>
  <system-out><![CDATA[]]></system-out>
  <system-err><![CDATA[]]></system-err>
</testsuite>
