<?xml version="1.0" encoding="UTF-8"?>
<testsuite name="Scenario: I login with valid credential" tests="6" skipped="0" failures="0" errors="0" timestamp="2018-11-26T18:05:49" hostname="Ahmeds-MacBook-Pro.local" time="0.888">
  <properties/>
  <testcase name="Given I navigate to &quot;http://the-internet.herokuapp.com/login&quot;" classname="Scenario: I login with valid credential" time="0.0"/>
  <testcase name="And I enter &quot;tomsmith&quot; into input field having id &quot;username&quot;" classname="Scenario: I login with valid credential" time="0.0"/>
  <testcase name="And I enter &quot;SuperSecretPassword!&quot; into input field having id &quot;password&quot;" classname="Scenario: I login with valid credential" time="0.0"/>
  <testcase name="When I click on element having class &quot;radius&quot;" classname="Scenario: I login with valid credential" time="0.0"/>
  <testcase name="Then I wait 5 seconds for element having css &quot;a[href='/logout']&quot; to display" classname="Scenario: I login with valid credential" time="0.0"/>
  <testcase name="classMethod" classname="Scenario: I login with valid credential" time="4.093"/>
  <system-out><![CDATA[********************* before driver created
********************* after driver created
]]></system-out>
  <system-err><![CDATA[Starting ChromeDriver 2.44.609545 (c2f88692e98ce7233d2df7c724465ecacfe74df5) on port 13107
Only local connections are allowed.
Nov 26, 2018 1:05:47 PM org.openqa.selenium.remote.ProtocolHandshake createSession
INFO: Detected dialect: OSS
]]></system-err>
</testsuite>
