<?xml version="1.0" encoding="UTF-8"?>
<testsuite name="environment.EnvTest" tests="1" skipped="0" failures="0" errors="0" timestamp="2018-11-26T18:05:50" hostname="Ahmeds-MacBook-Pro.local" time="2.034">
  <properties/>
  <testcase name="CreateWebDriverTest" classname="environment.EnvTest" time="2.034"/>
  <system-out><![CDATA[Browser: chrome
]]></system-out>
  <system-err><![CDATA[Starting ChromeDriver 2.44.609545 (c2f88692e98ce7233d2df7c724465ecacfe74df5) on port 36716
Only local connections are allowed.
Nov 26, 2018 1:05:51 PM org.openqa.selenium.remote.ProtocolHandshake createSession
INFO: Detected dialect: OSS
]]></system-err>
</testsuite>
